-------------------------------------------------------------------------------
Test set: order.OrderObjTest
-------------------------------------------------------------------------------
Tests run: 4, Failures: 1, Errors: 0, Skipped: 0, Time elapsed: 2.929 s <<< FAILURE! - in order.OrderObjTest
createNewOrder[3](order.OrderObjTest)  Time elapsed: 0.587 s  <<< FAILURE!
java.lang.AssertionError: 
1 expectation failed.
Expected status code <201> but was <500>.

	at order.OrderObjTest.createNewOrder(OrderObjTest.java:50)

